[02Jun2025 00:00:52.944] [Server thread/INFO] [net.minecraft.server.MinecraftServer/]: [Not Secure] [Server] 2
[02Jun2025 00:00:58.038] [Server thread/INFO] [net.minecraft.server.MinecraftServer/]: [Not Secure] <Anit_444> ?
[02Jun2025 00:01:43.244] [Server thread/INFO] [net.minecraft.server.MinecraftServer/]: Unknown or incomplete command, see below for error
[02Jun2025 00:01:43.244] [Server thread/INFO] [net.minecraft.server.MinecraftServer/]: asd<--[HERE]
[02Jun2025 00:01:49.591] [Server thread/INFO] [net.minecraft.server.MinecraftServer/]: Unknown or incomplete command, see below for error
[02Jun2025 00:01:49.602] [Server thread/INFO] [net.minecraft.server.MinecraftServer/]: asd<--[HERE]
[02Jun2025 00:13:12.549] [Server thread/INFO] [net.minecraft.server.MinecraftServer/]: [Not Secure] [Server] on?
[02Jun2025 00:13:58.428] [Server thread/INFO] [net.minecraft.server.MinecraftServer/]: Anit_444 has made the advancement [A Seedy Place]
[02Jun2025 00:18:15.097] [Server thread/INFO] [net.minecraft.server.MinecraftServer/]: [Not Secure] <Anit_444> wtf
[02Jun2025 00:18:22.826] [Server thread/INFO] [net.minecraft.server.MinecraftServer/]: [Not Secure] <Anit_444> por que el cultivo crece rapido?
[02Jun2025 00:25:09.323] [Server thread/INFO] [net.minecraft.server.MinecraftServer/]: [Not Secure] <tompedido> solo si shifteas
[02Jun2025 00:25:18.571] [Server thread/INFO] [net.minecraft.server.MinecraftServer/]: [Not Secure] <tompedido> es un mod
[02Jun2025 00:25:20.615] [Server thread/INFO] [net.minecraft.server.MinecraftServer/]: [Not Secure] <Anit_444> aaaaa
[02Jun2025 00:25:24.959] [Server thread/INFO] [net.minecraft.server.MinecraftServer/]: [Not Secure] <Anit_444> grax
[02Jun2025 00:25:28.991] [Server thread/INFO] [net.minecraft.server.MinecraftServer/]: [Not Secure] [Server] a
[02Jun2025 00:35:02.000] [Server thread/INFO] [net.minecraft.server.MinecraftServer/]: Anit_444 has made the advancement [What a Deal!]
[02Jun2025 00:52:33.990] [Server thread/INFO] [net.minecraft.server.network.ServerGamePacketListenerImpl/]: Anit_444 lost connection: Disconnected
[02Jun2025 00:52:33.990] [Server thread/INFO] [net.minecraft.server.MinecraftServer/]: Anit_444 left the game
[02Jun2025 00:52:33.991] [Server thread/INFO] [voicechat/]: [voicechat] Disconnecting client Anit_444
[02Jun2025 01:09:54.283] [Server thread/INFO] [net.minecraft.server.MinecraftServer/]: Unknown or incomplete command, see below for error
[02Jun2025 01:09:54.284] [Server thread/INFO] [net.minecraft.server.MinecraftServer/]: sas<--[HERE]
[02Jun2025 01:28:23.835] [Server thread/INFO] [net.minecraft.server.MinecraftServer/]: Unknown or incomplete command, see below for error
[02Jun2025 01:28:23.837] [Server thread/INFO] [net.minecraft.server.MinecraftServer/]: as<--[HERE]
[02Jun2025 01:28:37.234] [Server thread/INFO] [net.minecraft.server.network.ServerGamePacketListenerImpl/]: tompedido lost connection: Disconnected
[02Jun2025 01:28:37.234] [Server thread/INFO] [net.minecraft.server.MinecraftServer/]: tompedido left the game
[02Jun2025 01:28:37.236] [Server thread/INFO] [voicechat/]: [voicechat] Disconnecting client tompedido
